<?xml version="1.0" encoding="UTF-8"?>
<!-- Generated by org.testng.reporters.JUnitReportReporter -->
<testsuite hostname="DESKTOP-T6PG60B" failures="0" tests="2" name="org.runner.TestRunner" time="21.551" errors="0" timestamp="2025-06-22T15:02:13 IST" skipped="0">
  <testcase classname="org.runner.TestRunner" name="runScenario" time="11.178"/>
  <testcase classname="org.runner.TestRunner" name="runScenario" time="10.373"/>
</testsuite> <!-- org.runner.TestRunner -->
