<?xml version="1.0" encoding="UTF-8"?>
<!-- Generated by org.testng.reporters.JUnitReportReporter -->
<testsuite hostname="DESKTOP-T6PG60B" failures="0" tests="2" name="org.runner.TestRunner" time="30.343" errors="0" timestamp="2025-06-24T20:00:05 IST" skipped="0">
  <testcase classname="org.runner.TestRunner" name="runScenario" time="24.813"/>
  <testcase classname="org.runner.TestRunner" name="runScenario" time="5.530"/>
</testsuite> <!-- org.runner.TestRunner -->
